<?xml version="1.0" encoding="UTF-8" ?>
<testsuites>
  <testsuite errors="0" failures="0" id="0" name="LocationsFileTest" package="meteo.engineTest" tests="2" time="0.078">
  
    <properties>
[...]
</properties>

      <testcase classname="meteo.engineTest.LocationsFileTest" name="testGetHandle" time="0.016"></testcase>

      <testcase classname="meteo.engineTest.LocationsFileTest" name="testGetlocValues" time="0.0"></testcase>

      <system-out></system-out>

      <system-err><![CDATA[fichierTest (Le fichier spécifié est introuvable)
fichierTest (Le fichier spécifié est introuvable)
fichierTest (Le fichier spécifié est introuvable)
fichierTest (Le fichier spécifié est introuvable)
fichierTest (Le fichier spécifié est introuvable)
fichierTest (Le fichier spécifié est introuvable)
]]></system-err>

  </testsuite>
  <testsuite errors="0" failures="1" id="1" name="MetarTest" package="meteo.engineTest" tests="2" time="0.016">
  
    <properties>
[...]
</properties>

      <testcase classname="meteo.engineTest.MetarTest" name="testToString" time="0.016"></testcase>

      <testcase classname="meteo.engineTest.MetarTest" name="testParse" time="0.0">
    
      <failure message="expected:&lt;3&gt; but was:&lt;0&gt;" type="junit.framework.AssertionFailedError">junit.framework.AssertionFailedError: expected:&lt;3&gt; but was:&lt;0&gt;
	at meteo.engineTest.MetarTest.testParse(MetarTest.java:33)
	at org.eclipse.ant.internal.ui.antsupport.EclipseDefaultExecutor.executeTargets(EclipseDefaultExecutor.java:32)
	at org.eclipse.ant.internal.ui.antsupport.InternalAntRunner.run(InternalAntRunner.java:423)
	at org.eclipse.ant.internal.ui.antsupport.InternalAntRunner.main(InternalAntRunner.java:137)
</failure>

      </testcase>

      <system-out></system-out>

      <system-err></system-err>

  </testsuite>
  <testsuite errors="0" failures="0" id="2" name="TestMeteoServerTest" package="meteo.engineTest" tests="1" time="0.015">
  
    <properties>
[...]
</properties>

      <testcase classname="meteo.engineTest.TestMeteoServerTest" name="testGetAMetarString" time="0.0"></testcase>

      <system-out></system-out>

      <system-err></system-err>

  </testsuite>
</testsuites>
